2025-03-28 17:13:45.966127 - Received CBT.V508.FILE100.PDS from FILE100.XMI 
2025-03-28 17:13:45.968798 - Found $$$$DISC.txt (text/plain) in CBT.V508.FILE100.PDS, moved to PDS/$$$$DISC
2025-03-28 17:13:45.971039 - Found $$$#DATE.txt (text/plain) in CBT.V508.FILE100.PDS, moved to PDS/$$$#DATE
2025-03-28 17:13:45.972460 - Found $$$DOC.txt (text/plain) in CBT.V508.FILE100.PDS, moved to PDS/$$$DOC
2025-03-28 17:13:45.973137 - Found @FILE100.txt (text/plain) in CBT.V508.FILE100.PDS, moved to PDS/@FILE100
2025-03-28 17:13:45.973889 - Found ABRARCH1.txt (text/plain) in CBT.V508.FILE100.PDS, moved to PDS/ABRARCH1
2025-03-28 17:13:45.974709 - Found ABRARCH2.txt (text/plain) in CBT.V508.FILE100.PDS, moved to PDS/ABRARCH2
2025-03-28 17:13:45.975491 - Found ABRARCH3.txt (text/plain) in CBT.V508.FILE100.PDS, moved to PDS/ABRARCH3
2025-03-28 17:13:45.976111 - Found ABRARCH4.txt (text/plain) in CBT.V508.FILE100.PDS, moved to PDS/ABRARCH4
2025-03-28 17:13:45.976641 - Found ABRARCH5.txt (text/plain) in CBT.V508.FILE100.PDS, moved to PDS/ABRARCH5
2025-03-28 17:13:45.977111 - Found ABRARCH6.txt (text/plain) in CBT.V508.FILE100.PDS, moved to PDS/ABRARCH6
2025-03-28 17:13:45.978131 - Found ABRBKUP1.txt (text/plain) in CBT.V508.FILE100.PDS, moved to PDS/ABRBKUP1
2025-03-28 17:13:45.978626 - Found ABRBKUP2.txt (text/plain) in CBT.V508.FILE100.PDS, moved to PDS/ABRBKUP2
2025-03-28 17:13:45.979062 - Found ABRBKUP3.txt (text/plain) in CBT.V508.FILE100.PDS, moved to PDS/ABRBKUP3
2025-03-28 17:13:45.979508 - Found ABRBKUP4.txt (text/plain) in CBT.V508.FILE100.PDS, moved to PDS/ABRBKUP4
2025-03-28 17:13:45.979946 - Found ABRRPT1.txt (text/plain) in CBT.V508.FILE100.PDS, moved to PDS/ABRRPT1
2025-03-28 17:13:45.980621 - Found ABRRPT2.txt (text/plain) in CBT.V508.FILE100.PDS, moved to PDS/ABRRPT2
2025-03-28 17:13:45.981121 - Found ABRRPT3.txt (text/plain) in CBT.V508.FILE100.PDS, moved to PDS/ABRRPT3
2025-03-28 17:13:45.982213 - Found ABRRPT4.txt (text/plain) in CBT.V508.FILE100.PDS, moved to PDS/ABRRPT4
2025-03-28 17:13:45.984551 - Found ABRRPT5.txt (text/plain) in CBT.V508.FILE100.PDS, moved to PDS/ABRRPT5
2025-03-28 17:13:45.985891 - Found ABRRPT6.txt (text/plain) in CBT.V508.FILE100.PDS, moved to PDS/ABRRPT6
2025-03-28 17:13:45.986370 - Found ABRSEL.txt (text/plain) in CBT.V508.FILE100.PDS, moved to PDS/ABRSEL
2025-03-28 17:13:45.988627 - Found ABRSELA.txt (text/plain) in CBT.V508.FILE100.PDS, moved to PDS/ABRSELA
2025-03-28 17:13:45.989105 - Found ABRSELB.txt (text/plain) in CBT.V508.FILE100.PDS, moved to PDS/ABRSELB
2025-03-28 17:13:45.989590 - Found ABRSELP.txt (text/plain) in CBT.V508.FILE100.PDS, moved to PDS/ABRSELP
2025-03-28 17:13:45.989984 - Found ABR00.txt (text/plain) in CBT.V508.FILE100.PDS, moved to PDS/ABR00
2025-03-28 17:13:45.990391 - Found COBOL2.txt (text/plain) in CBT.V508.FILE100.PDS, moved to PDS/COBOL2
2025-03-28 17:13:45.990794 - Found COBOL2B.txt (text/plain) in CBT.V508.FILE100.PDS, moved to PDS/COBOL2B
2025-03-28 17:13:45.991212 - Found GENER1.txt (text/plain) in CBT.V508.FILE100.PDS, moved to PDS/GENER1
2025-03-28 17:13:45.991631 - Found INFOMGT1.txt (text/plain) in CBT.V508.FILE100.PDS, moved to PDS/INFOMGT1
2025-03-28 17:13:45.992027 - Found INFOSEL.txt (text/plain) in CBT.V508.FILE100.PDS, moved to PDS/INFOSEL
2025-03-28 17:13:45.992460 - Found ISR@PRIM.txt (text/plain) in CBT.V508.FILE100.PDS, moved to PDS/ISR@PRIM
2025-03-28 17:13:45.992857 - Found LINK3.txt (text/plain) in CBT.V508.FILE100.PDS, moved to PDS/LINK3
2025-03-28 17:13:45.993272 - Found LINK3B.txt (text/plain) in CBT.V508.FILE100.PDS, moved to PDS/LINK3B
2025-03-28 17:13:45.993700 - Found PLTCMPR1.txt (text/plain) in CBT.V508.FILE100.PDS, moved to PDS/PLTCMPR1
2025-03-28 17:13:45.994231 - Found PLTCM00.txt (text/plain) in CBT.V508.FILE100.PDS, moved to PDS/PLTCM00
2025-03-28 17:13:45.994639 - Found PSWDSEL.txt (text/plain) in CBT.V508.FILE100.PDS, moved to PDS/PSWDSEL
2025-03-28 17:13:45.998686 - Found PWADD.txt (text/plain) in CBT.V508.FILE100.PDS, moved to PDS/PWADD
2025-03-28 17:13:45.999262 - Found PWCHNG.txt (text/plain) in CBT.V508.FILE100.PDS, moved to PDS/PWCHNG
2025-03-28 17:13:45.999747 - Found PWDEL.txt (text/plain) in CBT.V508.FILE100.PDS, moved to PDS/PWDEL
2025-03-28 17:13:46.000297 - Found SASM00.txt (text/plain) in CBT.V508.FILE100.PDS, moved to PDS/SASM00
2025-03-28 17:13:46.000846 - Found S1ASM1.txt (text/plain) in CBT.V508.FILE100.PDS, moved to PDS/S1ASM1
2025-03-28 17:13:46.002364 - Found S1ASM1B.txt (text/plain) in CBT.V508.FILE100.PDS, moved to PDS/S1ASM1B
2025-03-28 17:13:46.003043 - Found S1ASM1BB.txt (text/plain) in CBT.V508.FILE100.PDS, moved to PDS/S1ASM1BB
2025-03-28 17:13:46.003497 - Found S1OBJ1.txt (text/plain) in CBT.V508.FILE100.PDS, moved to PDS/S1OBJ1
2025-03-28 17:13:46.003973 - Found TABRARCA.txt (text/plain) in CBT.V508.FILE100.PDS, moved to PDS/TABRARCA
2025-03-28 17:13:46.004398 - Found TABRARCB.txt (text/plain) in CBT.V508.FILE100.PDS, moved to PDS/TABRARCB
2025-03-28 17:13:46.004826 - Found TABRARCC.txt (text/plain) in CBT.V508.FILE100.PDS, moved to PDS/TABRARCC
2025-03-28 17:13:46.005230 - Found TABRARCD.txt (text/plain) in CBT.V508.FILE100.PDS, moved to PDS/TABRARCD
2025-03-28 17:13:46.005631 - Found TABRARC1.txt (text/plain) in CBT.V508.FILE100.PDS, moved to PDS/TABRARC1
2025-03-28 17:13:46.006025 - Found TABRARC2.txt (text/plain) in CBT.V508.FILE100.PDS, moved to PDS/TABRARC2
2025-03-28 17:13:46.006466 - Found TABRARC3.txt (text/plain) in CBT.V508.FILE100.PDS, moved to PDS/TABRARC3
2025-03-28 17:13:46.014029 - Found TABRARC4.txt (text/plain) in CBT.V508.FILE100.PDS, moved to PDS/TABRARC4
2025-03-28 17:13:46.014543 - Found TABRARC5.txt (text/plain) in CBT.V508.FILE100.PDS, moved to PDS/TABRARC5
2025-03-28 17:13:46.015131 - Found TABRARC6.txt (text/plain) in CBT.V508.FILE100.PDS, moved to PDS/TABRARC6
2025-03-28 17:13:46.015723 - Found TABRARC7.txt (text/plain) in CBT.V508.FILE100.PDS, moved to PDS/TABRARC7
2025-03-28 17:13:46.016267 - Found TABRARC8.txt (text/plain) in CBT.V508.FILE100.PDS, moved to PDS/TABRARC8
2025-03-28 17:13:46.016915 - Found TABRBKUA.txt (text/plain) in CBT.V508.FILE100.PDS, moved to PDS/TABRBKUA
2025-03-28 17:13:46.017462 - Found TABRBKUB.txt (text/plain) in CBT.V508.FILE100.PDS, moved to PDS/TABRBKUB
2025-03-28 17:13:46.018019 - Found TABRBKUC.txt (text/plain) in CBT.V508.FILE100.PDS, moved to PDS/TABRBKUC
2025-03-28 17:13:46.018622 - Found TABRBKU1.txt (text/plain) in CBT.V508.FILE100.PDS, moved to PDS/TABRBKU1
2025-03-28 17:13:46.019156 - Found TABRBKU2.txt (text/plain) in CBT.V508.FILE100.PDS, moved to PDS/TABRBKU2
2025-03-28 17:13:46.019700 - Found TABRBKU3.txt (text/plain) in CBT.V508.FILE100.PDS, moved to PDS/TABRBKU3
2025-03-28 17:13:46.020493 - Found TABRBKU4.txt (text/plain) in CBT.V508.FILE100.PDS, moved to PDS/TABRBKU4
2025-03-28 17:13:46.021046 - Found TABRBKU5.txt (text/plain) in CBT.V508.FILE100.PDS, moved to PDS/TABRBKU5
2025-03-28 17:13:46.021537 - Found TABRBKU6.txt (text/plain) in CBT.V508.FILE100.PDS, moved to PDS/TABRBKU6
2025-03-28 17:13:46.021967 - Found TABRBKU7.txt (text/plain) in CBT.V508.FILE100.PDS, moved to PDS/TABRBKU7
2025-03-28 17:13:46.022331 - Found TABRRPTA.txt (text/plain) in CBT.V508.FILE100.PDS, moved to PDS/TABRRPTA
2025-03-28 17:13:46.022868 - Found TABRRPTB.txt (text/plain) in CBT.V508.FILE100.PDS, moved to PDS/TABRRPTB
2025-03-28 17:13:46.023367 - Found TABRRPTC.txt (text/plain) in CBT.V508.FILE100.PDS, moved to PDS/TABRRPTC
2025-03-28 17:13:46.023895 - Found TABRRPTD.txt (text/plain) in CBT.V508.FILE100.PDS, moved to PDS/TABRRPTD
2025-03-28 17:13:46.024319 - Found TABRRPT1.txt (text/plain) in CBT.V508.FILE100.PDS, moved to PDS/TABRRPT1
2025-03-28 17:13:46.024770 - Found TABRRPT2.txt (text/plain) in CBT.V508.FILE100.PDS, moved to PDS/TABRRPT2
2025-03-28 17:13:46.026164 - Found TABRRPT3.txt (text/plain) in CBT.V508.FILE100.PDS, moved to PDS/TABRRPT3
2025-03-28 17:13:46.027497 - Found TABRRPT4.txt (text/plain) in CBT.V508.FILE100.PDS, moved to PDS/TABRRPT4
2025-03-28 17:13:46.028586 - Found TABRRPT5.txt (text/plain) in CBT.V508.FILE100.PDS, moved to PDS/TABRRPT5
2025-03-28 17:13:46.029721 - Found TABRRPT6.txt (text/plain) in CBT.V508.FILE100.PDS, moved to PDS/TABRRPT6
2025-03-28 17:13:46.030837 - Found TABRRPT7.txt (text/plain) in CBT.V508.FILE100.PDS, moved to PDS/TABRRPT7
2025-03-28 17:13:46.031932 - Found TABRRPT8.txt (text/plain) in CBT.V508.FILE100.PDS, moved to PDS/TABRRPT8
2025-03-28 17:13:46.032366 - Found TABRRPT9.txt (text/plain) in CBT.V508.FILE100.PDS, moved to PDS/TABRRPT9
2025-03-28 17:13:46.032826 - Found TPLTCMP1.txt (text/plain) in CBT.V508.FILE100.PDS, moved to PDS/TPLTCMP1
2025-03-28 17:13:46.033298 - Found TPLTCMP2.txt (text/plain) in CBT.V508.FILE100.PDS, moved to PDS/TPLTCMP2
2025-03-28 17:13:46.033724 - Found TS1ASM1.txt (text/plain) in CBT.V508.FILE100.PDS, moved to PDS/TS1ASM1
2025-03-28 17:13:46.034143 - Found TVTOCK.txt (text/plain) in CBT.V508.FILE100.PDS, moved to PDS/TVTOCK
2025-03-28 17:13:46.034868 - Found TVTOCK1.txt (text/plain) in CBT.V508.FILE100.PDS, moved to PDS/TVTOCK1
2025-03-28 17:13:46.035442 - Found TVTOCK2.txt (text/plain) in CBT.V508.FILE100.PDS, moved to PDS/TVTOCK2
2025-03-28 17:13:46.035959 - Found TVTOCK3.txt (text/plain) in CBT.V508.FILE100.PDS, moved to PDS/TVTOCK3
2025-03-28 17:13:46.036495 - Found TVTOCO.txt (text/plain) in CBT.V508.FILE100.PDS, moved to PDS/TVTOCO
2025-03-28 17:13:46.037056 - Found TVTOC1.txt (text/plain) in CBT.V508.FILE100.PDS, moved to PDS/TVTOC1
2025-03-28 17:13:46.037613 - Found TVTOC2.txt (text/plain) in CBT.V508.FILE100.PDS, moved to PDS/TVTOC2
2025-03-28 17:13:46.038398 - Found TVTOC3.txt (text/plain) in CBT.V508.FILE100.PDS, moved to PDS/TVTOC3
2025-03-28 17:13:46.038905 - Found USERSEL.txt (text/plain) in CBT.V508.FILE100.PDS, moved to PDS/USERSEL
2025-03-28 17:13:46.039438 - Found USERSELB.txt (text/plain) in CBT.V508.FILE100.PDS, moved to PDS/USERSELB
2025-03-28 17:13:46.039831 - Found USERVTOC.txt (text/plain) in CBT.V508.FILE100.PDS, moved to PDS/USERVTOC
2025-03-28 17:13:46.040414 - Found VTOC00.txt (text/plain) in CBT.V508.FILE100.PDS, moved to PDS/VTOC00
